Build started 6/1/2016 10:09:25.
     1>Project "C:\Users\Luna\Programming Projects\IGMTutorial\Physics\Sphere_MTVAndDecoupling\Sphere_MTVAndDecoupling\Sphere_MTVAndDecoupling.vcxproj" on node 2 (Build target(s)).
     1>ClCompile:
         C:\Program Files (x86)\Microsoft Visual Studio 12.0\VC\bin\CL.exe /c /I"C:\Users\Luna\Programming Projects\IGMTutorial\Physics\Sphere_MTVAndDecoupling\Sphere_MTVAndDecoupling\\include" /ZI /nologo /W3 /WX- /sdl /Od /Oy- /D _MBCS /Gm /EHsc /RTC1 /MDd /GS /fp:precise /Zc:wchar_t /Zc:forScope /Fo"Debug\\" /Fd"Debug\vc120.pdb" /Gd /TP /analyze- /errorReport:prompt main.cpp
         main.cpp
     1>c:\users\luna\programming projects\igmtutorial\physics\sphere_mtvanddecoupling\sphere_mtvanddecoupling\main.cpp(153): warning C4244: '=' : conversion from 'double' to 'float', possible loss of data
     1>c:\users\luna\programming projects\igmtutorial\physics\sphere_mtvanddecoupling\sphere_mtvanddecoupling\main.cpp(154): warning C4244: '=' : conversion from 'double' to 'float', possible loss of data
     1>c:\users\luna\programming projects\igmtutorial\physics\sphere_mtvanddecoupling\sphere_mtvanddecoupling\main.cpp(155): warning C4244: '=' : conversion from 'double' to 'float', possible loss of data
     1>c:\users\luna\programming projects\igmtutorial\physics\sphere_mtvanddecoupling\sphere_mtvanddecoupling\main.cpp(161): warning C4244: '=' : conversion from 'double' to 'float', possible loss of data
     1>c:\users\luna\programming projects\igmtutorial\physics\sphere_mtvanddecoupling\sphere_mtvanddecoupling\main.cpp(162): warning C4244: '=' : conversion from 'double' to 'float', possible loss of data
     1>c:\users\luna\programming projects\igmtutorial\physics\sphere_mtvanddecoupling\sphere_mtvanddecoupling\main.cpp(163): warning C4244: '=' : conversion from 'double' to 'float', possible loss of data
     1>c:\users\luna\programming projects\igmtutorial\physics\sphere_mtvanddecoupling\sphere_mtvanddecoupling\main.cpp(169): warning C4244: '=' : conversion from 'double' to 'float', possible loss of data
     1>c:\users\luna\programming projects\igmtutorial\physics\sphere_mtvanddecoupling\sphere_mtvanddecoupling\main.cpp(170): warning C4244: '=' : conversion from 'double' to 'float', possible loss of data
     1>c:\users\luna\programming projects\igmtutorial\physics\sphere_mtvanddecoupling\sphere_mtvanddecoupling\main.cpp(171): warning C4244: '=' : conversion from 'double' to 'float', possible loss of data
     1>c:\users\luna\programming projects\igmtutorial\physics\sphere_mtvanddecoupling\sphere_mtvanddecoupling\main.cpp(177): warning C4244: '=' : conversion from 'double' to 'float', possible loss of data
     1>c:\users\luna\programming projects\igmtutorial\physics\sphere_mtvanddecoupling\sphere_mtvanddecoupling\main.cpp(178): warning C4244: '=' : conversion from 'double' to 'float', possible loss of data
     1>c:\users\luna\programming projects\igmtutorial\physics\sphere_mtvanddecoupling\sphere_mtvanddecoupling\main.cpp(179): warning C4244: '=' : conversion from 'double' to 'float', possible loss of data
     1>c:\users\luna\programming projects\igmtutorial\physics\sphere_mtvanddecoupling\sphere_mtvanddecoupling\main.cpp(200): warning C4018: '<' : signed/unsigned mismatch
       Link:
         C:\Program Files (x86)\Microsoft Visual Studio 12.0\VC\bin\link.exe /ERRORREPORT:PROMPT /OUT:"C:\Users\Luna\Programming Projects\IGMTutorial\Physics\Sphere_MTVAndDecoupling\Debug\Sphere_MTVAndDecoupling.exe" /INCREMENTAL /NOLOGO /LIBPATH:"C:\Users\Luna\Programming Projects\IGMTutorial\Physics\Sphere_MTVAndDecoupling\Sphere_MTVAndDecoupling\\lib" opengl32.lib glew32.lib glfw3.lib kernel32.lib user32.lib gdi32.lib winspool.lib comdlg32.lib advapi32.lib shell32.lib ole32.lib oleaut32.lib uuid.lib odbc32.lib odbccp32.lib /MANIFEST /MANIFESTUAC:"level='asInvoker' uiAccess='false'" /manifest:embed /DEBUG /PDB:"C:\Users\Luna\Programming Projects\IGMTutorial\Physics\Sphere_MTVAndDecoupling\Debug\Sphere_MTVAndDecoupling.pdb" /TLBID:1 /DYNAMICBASE /NXCOMPAT /IMPLIB:"C:\Users\Luna\Programming Projects\IGMTutorial\Physics\Sphere_MTVAndDecoupling\Debug\Sphere_MTVAndDecoupling.lib" /MACHINE:X86 Debug\main.obj
     1>LINK : warning LNK4098: defaultlib 'MSVCRT' conflicts with use of other libs; use /NODEFAULTLIB:library
         Sphere_MTVAndDecoupling.vcxproj -> C:\Users\Luna\Programming Projects\IGMTutorial\Physics\Sphere_MTVAndDecoupling\Debug\Sphere_MTVAndDecoupling.exe
     1>Done Building Project "C:\Users\Luna\Programming Projects\IGMTutorial\Physics\Sphere_MTVAndDecoupling\Sphere_MTVAndDecoupling\Sphere_MTVAndDecoupling.vcxproj" (Build target(s)).

Build succeeded.

Time Elapsed 00:00:01.22
